[2022-09-13 09:13:57.897 AM] [31merror[39m: 	[31muncaughtException: upload is not a function[39m
[31mTypeError: upload is not a function[39m
[31m    at Object.<anonymous> (C:\Users\DELL\Documents\Codes\Personal\Web\JavaScript\Node\Express\SQL\swotup\src\app.js:154:21)[39m
[31m    at Module._compile (node:internal/modules/cjs/loader:1105:14)[39m
[31m    at Object.Module._extensions..js (node:internal/modules/cjs/loader:1159:10)[39m
[31m    at Module.load (node:internal/modules/cjs/loader:981:32)[39m
[31m    at Function.Module._load (node:internal/modules/cjs/loader:822:12)[39m
[31m    at Function.executeUserEntryPoint [as runMain] (node:internal/modules/run_main:77:12)[39m
[31m    at node:internal/main/run_main_module:17:47[39m
[2022-09-13 09:14:14.566 AM] [31merror[39m: 	[31muncaughtException: upload is not a function[39m
[31mTypeError: upload is not a function[39m
[31m    at Object.<anonymous> (C:\Users\DELL\Documents\Codes\Personal\Web\JavaScript\Node\Express\SQL\swotup\src\app.js:154:21)[39m
[31m    at Module._compile (node:internal/modules/cjs/loader:1105:14)[39m
[31m    at Object.Module._extensions..js (node:internal/modules/cjs/loader:1159:10)[39m
[31m    at Module.load (node:internal/modules/cjs/loader:981:32)[39m
[31m    at Function.Module._load (node:internal/modules/cjs/loader:822:12)[39m
[31m    at Function.executeUserEntryPoint [as runMain] (node:internal/modules/run_main:77:12)[39m
[31m    at node:internal/main/run_main_module:17:47[39m
[2022-09-13 09:14:41.925 AM] [31merror[39m: 	[31muncaughtException: upload is not a function[39m
[31mTypeError: upload is not a function[39m
[31m    at Object.<anonymous> (C:\Users\DELL\Documents\Codes\Personal\Web\JavaScript\Node\Express\SQL\swotup\src\app.js:154:21)[39m
[31m    at Module._compile (node:internal/modules/cjs/loader:1105:14)[39m
[31m    at Object.Module._extensions..js (node:internal/modules/cjs/loader:1159:10)[39m
[31m    at Module.load (node:internal/modules/cjs/loader:981:32)[39m
[31m    at Function.Module._load (node:internal/modules/cjs/loader:822:12)[39m
[31m    at Function.executeUserEntryPoint [as runMain] (node:internal/modules/run_main:77:12)[39m
[31m    at node:internal/main/run_main_module:17:47[39m
[2022-09-13 09:14:56.771 AM] [31merror[39m: 	[31muncaughtException: upload is not a function[39m
[31mTypeError: upload is not a function[39m
[31m    at Object.<anonymous> (C:\Users\DELL\Documents\Codes\Personal\Web\JavaScript\Node\Express\SQL\swotup\src\app.js:154:21)[39m
[31m    at Module._compile (node:internal/modules/cjs/loader:1105:14)[39m
[31m    at Object.Module._extensions..js (node:internal/modules/cjs/loader:1159:10)[39m
[31m    at Module.load (node:internal/modules/cjs/loader:981:32)[39m
[31m    at Function.Module._load (node:internal/modules/cjs/loader:822:12)[39m
[31m    at Function.executeUserEntryPoint [as runMain] (node:internal/modules/run_main:77:12)[39m
[31m    at node:internal/main/run_main_module:17:47[39m
[2022-09-13 09:24:44.889 AM] [31merror[39m: 	[31muncaughtException: Cannot find module './'[39m
[31mRequire stack:[39m
[31m- C:\Users\DELL\Documents\Codes\Personal\Web\JavaScript\Node\Express\SQL\swotup\src\app.js[39m
[31mError: Cannot find module './'[39m
[31mRequire stack:[39m
[31m- C:\Users\DELL\Documents\Codes\Personal\Web\JavaScript\Node\Express\SQL\swotup\src\app.js[39m
[31m    at Function.Module._resolveFilename (node:internal/modules/cjs/loader:933:15)[39m
[31m    at Function.Module._load (node:internal/modules/cjs/loader:778:27)[39m
[31m    at Module.require (node:internal/modules/cjs/loader:1005:19)[39m
[31m    at require (node:internal/modules/cjs/helpers:102:18)[39m
[31m    at Object.<anonymous> (C:\Users\DELL\Documents\Codes\Personal\Web\JavaScript\Node\Express\SQL\swotup\src\app.js:102:14)[39m
[31m    at Module._compile (node:internal/modules/cjs/loader:1105:14)[39m
[31m    at Object.Module._extensions..js (node:internal/modules/cjs/loader:1159:10)[39m
[31m    at Module.load (node:internal/modules/cjs/loader:981:32)[39m
[31m    at Function.Module._load (node:internal/modules/cjs/loader:822:12)[39m
[31m    at Function.executeUserEntryPoint [as runMain] (node:internal/modules/run_main:77:12)[39m
[2022-09-13 09:24:48.956 AM] [31merror[39m: 	[31muncaughtException: Cannot find module './'[39m
[31mRequire stack:[39m
[31m- C:\Users\DELL\Documents\Codes\Personal\Web\JavaScript\Node\Express\SQL\swotup\src\app.js[39m
[31mError: Cannot find module './'[39m
[31mRequire stack:[39m
[31m- C:\Users\DELL\Documents\Codes\Personal\Web\JavaScript\Node\Express\SQL\swotup\src\app.js[39m
[31m    at Function.Module._resolveFilename (node:internal/modules/cjs/loader:933:15)[39m
[31m    at Function.Module._load (node:internal/modules/cjs/loader:778:27)[39m
[31m    at Module.require (node:internal/modules/cjs/loader:1005:19)[39m
[31m    at require (node:internal/modules/cjs/helpers:102:18)[39m
[31m    at Object.<anonymous> (C:\Users\DELL\Documents\Codes\Personal\Web\JavaScript\Node\Express\SQL\swotup\src\app.js:102:14)[39m
[31m    at Module._compile (node:internal/modules/cjs/loader:1105:14)[39m
[31m    at Object.Module._extensions..js (node:internal/modules/cjs/loader:1159:10)[39m
[31m    at Module.load (node:internal/modules/cjs/loader:981:32)[39m
[31m    at Function.Module._load (node:internal/modules/cjs/loader:822:12)[39m
[31m    at Function.executeUserEntryPoint [as runMain] (node:internal/modules/run_main:77:12)[39m
[2022-09-13 09:24:57.186 AM] [31merror[39m: 	[31muncaughtException: Cannot find module 'mongoose'[39m
[31mRequire stack:[39m
[31m- C:\Users\DELL\Documents\Codes\Personal\Web\JavaScript\Node\Express\SQL\swotup\src\fileSchema.js[39m
[31m- C:\Users\DELL\Documents\Codes\Personal\Web\JavaScript\Node\Express\SQL\swotup\src\app.js[39m
[31mError: Cannot find module 'mongoose'[39m
[31mRequire stack:[39m
[31m- C:\Users\DELL\Documents\Codes\Personal\Web\JavaScript\Node\Express\SQL\swotup\src\fileSchema.js[39m
[31m- C:\Users\DELL\Documents\Codes\Personal\Web\JavaScript\Node\Express\SQL\swotup\src\app.js[39m
[31m    at Function.Module._resolveFilename (node:internal/modules/cjs/loader:933:15)[39m
[31m    at Function.Module._load (node:internal/modules/cjs/loader:778:27)[39m
[31m    at Module.require (node:internal/modules/cjs/loader:1005:19)[39m
[31m    at require (node:internal/modules/cjs/helpers:102:18)[39m
[31m    at Object.<anonymous> (C:\Users\DELL\Documents\Codes\Personal\Web\JavaScript\Node\Express\SQL\swotup\src\fileSchema.js:1:18)[39m
[31m    at Module._compile (node:internal/modules/cjs/loader:1105:14)[39m
[31m    at Object.Module._extensions..js (node:internal/modules/cjs/loader:1159:10)[39m
[31m    at Module.load (node:internal/modules/cjs/loader:981:32)[39m
[31m    at Function.Module._load (node:internal/modules/cjs/loader:822:12)[39m
[31m    at Module.require (node:internal/modules/cjs/loader:1005:19)[39m
